{
  "RSpec": {
    "coverage": {
      "/Users/mariavanaale/Projects/4Week/Thursday_Bookmark/spec/bookmark_spec.rb": [
        1,
        null,
        1,
        1,
        1,
        1,
        null,
        1,
        1,
        1,
        1,
        null,
        null,
        null,
        1,
        1,
        1,
        null,
        1,
        null,
        null,
        null
      ],
      "/Users/mariavanaale/Projects/4Week/Thursday_Bookmark/spec/features/creating_bookmarks_spec.rb": [
        1,
        null,
        1,
        1,
        null,
        1,
        null,
        1,
        1,
        null,
        1,
        null,
        0,
        null,
        null
      ],
      "/Users/mariavanaale/Projects/4Week/Thursday_Bookmark/spec/features/deleting_a_bookmark_spec.rb": [
        1,
        1,
        1,
        0,
        0,
        null,
        0,
        null,
        0,
        0,
        null,
        null
      ],
      "/Users/mariavanaale/Projects/4Week/Thursday_Bookmark/spec/features/viewing_bookmarks_spec.rb": [
        1,
        1,
        1,
        1,
        null,
        null,
        1,
        1,
        null,
        0,
        null,
        0,
        0,
        0,
        null,
        null
      ]
    },
    "timestamp": 1551372655
  }
}
